android/build/intermediates/manifest_merge_blame_file/release/manifest-merger-blame-release-report.txt
1<?xml version="1.0" encoding="utf-8"?>
2<manifest xmlns:android="http://schemas.android.com/apk/res/android"
3    package="com.ibeacon.simulator" >
4
5    <uses-sdk android:minSdkVersion="18" />
6    <!-- Required to scan for and connect Beacons via Bluetooth. -->
7    <uses-permission android:name="android.permission.BLUETOOTH" />
7-->src/main/AndroidManifest.xml:5:6-68
7-->src/main/AndroidManifest.xml:5:23-66
8    <uses-permission android:name="android.permission.BLUETOOTH_ADMIN" />
8-->src/main/AndroidManifest.xml:6:6-74
8-->src/main/AndroidManifest.xml:6:23-72
9
10    <!-- Required for BLE scanning on Android 6.0 and above. -->
11    <uses-permission-sdk-23 android:name="android.permission.ACCESS_COARSE_LOCATION" />
11-->src/main/AndroidManifest.xml:9:6-88
11-->src/main/AndroidManifest.xml:9:30-86
12
13</manifest>